app/build/intermediates/manifest_merge_blame_file/debug/manifest-merger-blame-debug-report.txt
1<?xml version="1.0" encoding="utf-8"?>
2<manifest xmlns:android="http://schemas.android.com/apk/res/android"
3    package="com.example.barberme001"
4    android:versionCode="1"
5    android:versionName="1.0" >
6
7    <uses-sdk
8        android:minSdkVersion="15"
8-->src/main/AndroidManifest.xml
9        android:targetSdkVersion="29" />
9-->src/main/AndroidManifest.xml
10
11    <uses-permission android:name="android.permission.INTERNET" />
11-->src/main/AndroidManifest.xml:6:5-67
11-->src/main/AndroidManifest.xml:6:22-64
12
13    <application
13-->src/main/AndroidManifest.xml:8:5-36:19
14        android:allowBackup="true"
14-->src/main/AndroidManifest.xml:9:9-35
15        android:appComponentFactory="androidx.core.app.CoreComponentFactory"
15-->[androidx.core:core:1.0.1] AndroidManifest.xml:22:18-86
16        android:debuggable="true"
17        android:icon="@mipmap/ic_launcher"
17-->src/main/AndroidManifest.xml:10:9-43
18        android:label="@string/app_name"
18-->src/main/AndroidManifest.xml:11:9-41
19        android:roundIcon="@mipmap/ic_launcher_round"
19-->src/main/AndroidManifest.xml:12:9-54
20        android:supportsRtl="true"
20-->src/main/AndroidManifest.xml:13:9-35
21        android:testOnly="true"
22        android:theme="@style/AppTheme" >
22-->src/main/AndroidManifest.xml:14:9-40
23        <activity android:name="com.example.barberme001.DashboardActivity" />
23-->src/main/AndroidManifest.xml:16:9-64
23-->src/main/AndroidManifest.xml:16:19-52
24
25        <meta-data
25-->src/main/AndroidManifest.xml:18:9-20:59
26            android:name="com.parse.SERVER_URL"
26-->src/main/AndroidManifest.xml:19:13-48
27            android:value="@string/back4app_server_url" />
27-->src/main/AndroidManifest.xml:20:13-56
28        <meta-data
28-->src/main/AndroidManifest.xml:21:9-23:55
29            android:name="com.parse.APPLICATION_ID"
29-->src/main/AndroidManifest.xml:22:13-52
30            android:value="@string/back4app_app_id" />
30-->src/main/AndroidManifest.xml:23:13-52
31        <meta-data
31-->src/main/AndroidManifest.xml:24:9-26:59
32            android:name="com.parse.CLIENT_KEY"
32-->src/main/AndroidManifest.xml:25:13-48
33            android:value="@string/back4app_client_key" />
33-->src/main/AndroidManifest.xml:26:13-56
34
35        <activity android:name="com.example.barberme001.SignUp_Login" />
35-->src/main/AndroidManifest.xml:28:9-50
35-->src/main/AndroidManifest.xml:28:19-47
36        <activity android:name="com.example.barberme001.MainActivity" >
36-->src/main/AndroidManifest.xml:29:9-35:20
36-->src/main/AndroidManifest.xml:29:19-47
37            <intent-filter>
37-->src/main/AndroidManifest.xml:30:13-34:29
38                <action android:name="android.intent.action.MAIN" />
38-->src/main/AndroidManifest.xml:31:17-69
38-->src/main/AndroidManifest.xml:31:25-66
39
40                <category android:name="android.intent.category.LAUNCHER" />
40-->src/main/AndroidManifest.xml:33:17-77
40-->src/main/AndroidManifest.xml:33:27-74
41            </intent-filter>
42        </activity>
43
44        <provider
44-->[androidx.lifecycle:lifecycle-process:2.0.0] AndroidManifest.xml:23:9-27:43
45            android:name="androidx.lifecycle.ProcessLifecycleOwnerInitializer"
45-->[androidx.lifecycle:lifecycle-process:2.0.0] AndroidManifest.xml:24:13-79
46            android:authorities="com.example.barberme001.lifecycle-process"
46-->[androidx.lifecycle:lifecycle-process:2.0.0] AndroidManifest.xml:25:13-69
47            android:exported="false"
47-->[androidx.lifecycle:lifecycle-process:2.0.0] AndroidManifest.xml:26:13-37
48            android:multiprocess="true" />
48-->[androidx.lifecycle:lifecycle-process:2.0.0] AndroidManifest.xml:27:13-40
49    </application>
50
51</manifest>